<?xml version="1.0" encoding="UTF-8"?>
<testsuite xmlns:xsi="http://www.w3.org/2001/XMLSchema-instance" xsi:noNamespaceSchemaLocation="https://maven.apache.org/surefire/maven-surefire-plugin/xsd/surefire-test-report-3.0.xsd" version="3.0" name="com.example.vanlife_server.VanlifeServerApplicationTests" time="6.311" tests="1" errors="0" skipped="0" failures="0">
  <properties>
[...]
</properties>
  <testcase name="contextLoads" classname="com.example.vanlife_server.VanlifeServerApplicationTests" time="1.225">
    <system-out><![CDATA[11:57:44.022 [main] INFO org.springframework.test.context.support.AnnotationConfigContextLoaderUtils -- Could not detect default configuration classes for test class [com.example.vanlife_server.VanlifeServerApplicationTests]: VanlifeServerApplicationTests does not declare any static, non-private, non-final, nested classes annotated with @Configuration.
11:57:44.211 [main] INFO org.springframework.boot.test.context.SpringBootTestContextBootstrapper -- Found @SpringBootConfiguration com.example.vanlife_server.VanlifeServerApplication for test class com.example.vanlife_server.VanlifeServerApplicationTests
11:57:44.441 [main] INFO org.springframework.boot.devtools.restart.RestartApplicationListener -- Restart disabled due to context in which it is running
  .   ____          _            __ _ _
 /\\ / ___'_ __ _ _(_)_ __  __ _ \ \ \ \
( ( )\___ | '_ | '_| | '_ \/ _` | \ \ \ \
 \\/  ___)| |_)| | | | | || (_| |  ) ) ) )
  '  |____| .__|_| |_|_| |_\__, | / / / /
 =========|_|==============|___/=/_/_/_/

 :: Spring Boot ::                (v3.3.0)

2024-06-06T11:57:44.902+05:30  INFO 5144 --- [vanlife-server] [           main] m.p.springdotenv.DotenvPropertySource    : Initializing Dotenv with DotenvConfig{directory=null, filename=null, ignoreIfMalformed=false, ignoreIfMissing=true, systemProperties=false, prefix=null}
2024-06-06T11:57:44.920+05:30  INFO 5144 --- [vanlife-server] [           main] c.e.v.VanlifeServerApplicationTests      : Starting VanlifeServerApplicationTests using Java 22 with PID 5144 (started by 91789 in C:\Users\91789\OneDrive\Desktop\Scrimba\React_tutorials_router_6\Project\vanlife-project\Back-end\vanlife-server)
2024-06-06T11:57:44.921+05:30  INFO 5144 --- [vanlife-server] [           main] c.e.v.VanlifeServerApplicationTests      : No active profile set, falling back to 1 default profile: "default"
2024-06-06T11:57:46.188+05:30  INFO 5144 --- [vanlife-server] [           main] .s.d.r.c.RepositoryConfigurationDelegate : Bootstrapping Spring Data MongoDB repositories in DEFAULT mode.
2024-06-06T11:57:46.240+05:30  INFO 5144 --- [vanlife-server] [           main] .s.d.r.c.RepositoryConfigurationDelegate : Finished Spring Data repository scanning in 47 ms. Found 2 MongoDB repository interfaces.
2024-06-06T11:57:47.194+05:30  INFO 5144 --- [vanlife-server] [           main] org.mongodb.driver.client                : MongoClient with metadata {"driver": {"name": "mongo-java-driver|sync|spring-boot", "version": "5.0.1"}, "os": {"type": "Windows", "name": "Windows 11", "architecture": "amd64", "version": "10.0"}, "platform": "Java/Oracle Corporation/22+36-2370"} created with settings MongoClientSettings{readPreference=primary, writeConcern=WriteConcern{w=null, wTimeout=null ms, journal=null}, retryWrites=true, retryReads=true, readConcern=ReadConcern{level=null}, credential=MongoCredential{mechanism=null, userName='jayanthbychana', source='admin', password=<hidden>, mechanismProperties=<hidden>}, transportSettings=null, commandListeners=[io.micrometer.core.instrument.binder.mongodb.MongoMetricsCommandListener@5a2ae1ab], codecRegistry=ProvidersCodecRegistry{codecProviders=[ValueCodecProvider{}, BsonValueCodecProvider{}, DBRefCodecProvider{}, DBObjectCodecProvider{}, DocumentCodecProvider{}, CollectionCodecProvider{}, IterableCodecProvider{}, MapCodecProvider{}, GeoJsonCodecProvider{}, GridFSFileCodecProvider{}, Jsr310CodecProvider{}, JsonObjectCodecProvider{}, BsonCodecProvider{}, EnumCodecProvider{}, com.mongodb.client.model.mql.ExpressionCodecProvider@2bec068b, com.mongodb.Jep395RecordCodecProvider@7d59e968, com.mongodb.KotlinCodecProvider@55361f03]}, loggerSettings=LoggerSettings{maxDocumentLength=1000}, clusterSettings={hosts=[127.0.0.1:27017], srvHost=cluster0.5v8kecp.mongodb.net, srvServiceName=mongodb, mode=MULTIPLE, requiredClusterType=REPLICA_SET, requiredReplicaSetName='atlas-11ef0f-shard-0', serverSelector='null', clusterListeners='[]', serverSelectionTimeout='30000 ms', localThreshold='15 ms'}, socketSettings=SocketSettings{connectTimeoutMS=10000, readTimeoutMS=0, receiveBufferSize=0, proxySettings=ProxySettings{host=null, port=null, username=null, password=null}}, heartbeatSocketSettings=SocketSettings{connectTimeoutMS=10000, readTimeoutMS=10000, receiveBufferSize=0, proxySettings=ProxySettings{host=null, port=null, username=null, password=null}}, connectionPoolSettings=ConnectionPoolSettings{maxSize=100, minSize=0, maxWaitTimeMS=120000, maxConnectionLifeTimeMS=0, maxConnectionIdleTimeMS=0, maintenanceInitialDelayMS=0, maintenanceFrequencyMS=60000, connectionPoolListeners=[io.micrometer.core.instrument.binder.mongodb.MongoMetricsConnectionPoolListener@581c9bb7], maxConnecting=2}, serverSettings=ServerSettings{heartbeatFrequencyMS=10000, minHeartbeatFrequencyMS=500, serverListeners='[]', serverMonitorListeners='[]'}, sslSettings=SslSettings{enabled=true, invalidHostNameAllowed=false, context=null}, applicationName='null', compressorList=[], uuidRepresentation=JAVA_LEGACY, serverApi=null, autoEncryptionSettings=null, dnsClient=null, inetAddressResolver=null, contextProvider=null}
2024-06-06T11:57:48.023+05:30  INFO 5144 --- [vanlife-server] [ecp.mongodb.net] org.mongodb.driver.cluster               : Adding discovered server ac-lwk3abc-shard-00-02.5v8kecp.mongodb.net:27017 to client view of cluster
2024-06-06T11:57:48.061+05:30  INFO 5144 --- [vanlife-server] [ecp.mongodb.net] org.mongodb.driver.cluster               : Adding discovered server ac-lwk3abc-shard-00-00.5v8kecp.mongodb.net:27017 to client view of cluster
2024-06-06T11:57:48.065+05:30  INFO 5144 --- [vanlife-server] [ecp.mongodb.net] org.mongodb.driver.cluster               : Adding discovered server ac-lwk3abc-shard-00-01.5v8kecp.mongodb.net:27017 to client view of cluster
2024-06-06T11:57:48.539+05:30  INFO 5144 --- [vanlife-server] [           main] o.s.b.a.e.web.EndpointLinksResolver      : Exposing 1 endpoint beneath base path '/actuator'
2024-06-06T11:57:48.619+05:30  INFO 5144 --- [vanlife-server] [           main] c.e.v.VanlifeServerApplicationTests      : Started VanlifeServerApplicationTests in 4.193 seconds (process running for 5.668)
2024-06-06T11:57:49.021+05:30  INFO 5144 --- [vanlife-server] [ngodb.net:27017] org.mongodb.driver.cluster               : Monitor thread successfully connected to server with description ServerDescription{address=ac-lwk3abc-shard-00-02.5v8kecp.mongodb.net:27017, type=REPLICA_SET_SECONDARY, state=CONNECTED, ok=true, minWireVersion=0, maxWireVersion=21, maxDocumentSize=16777216, logicalSessionTimeoutMinutes=30, roundTripTimeNanos=548227800, setName='atlas-11ef0f-shard-0', canonicalAddress=ac-lwk3abc-shard-00-02.5v8kecp.mongodb.net:27017, hosts=[ac-lwk3abc-shard-00-00.5v8kecp.mongodb.net:27017, ac-lwk3abc-shard-00-02.5v8kecp.mongodb.net:27017, ac-lwk3abc-shard-00-01.5v8kecp.mongodb.net:27017], passives=[], arbiters=[], primary='ac-lwk3abc-shard-00-01.5v8kecp.mongodb.net:27017', tagSet=TagSet{[Tag{name='availabilityZone', value='aps1-az2'}, Tag{name='diskState', value='READY'}, Tag{name='nodeType', value='ELECTABLE'}, Tag{name='provider', value='AWS'}, Tag{name='region', value='AP_SOUTH_1'}, Tag{name='workloadType', value='OPERATIONAL'}]}, electionId=null, setVersion=25, topologyVersion=TopologyVersion{processId=6660caa72682465d58a64030, counter=3}, lastWriteDate=Thu Jun 06 11:57:47 IST 2024, lastUpdateTimeNanos=133914186016100}
2024-06-06T11:57:49.021+05:30  INFO 5144 --- [vanlife-server] [ngodb.net:27017] org.mongodb.driver.cluster               : Monitor thread successfully connected to server with description ServerDescription{address=ac-lwk3abc-shard-00-00.5v8kecp.mongodb.net:27017, type=REPLICA_SET_SECONDARY, state=CONNECTED, ok=true, minWireVersion=0, maxWireVersion=21, maxDocumentSize=16777216, logicalSessionTimeoutMinutes=30, roundTripTimeNanos=548227800, setName='atlas-11ef0f-shard-0', canonicalAddress=ac-lwk3abc-shard-00-00.5v8kecp.mongodb.net:27017, hosts=[ac-lwk3abc-shard-00-00.5v8kecp.mongodb.net:27017, ac-lwk3abc-shard-00-02.5v8kecp.mongodb.net:27017, ac-lwk3abc-shard-00-01.5v8kecp.mongodb.net:27017], passives=[], arbiters=[], primary='ac-lwk3abc-shard-00-01.5v8kecp.mongodb.net:27017', tagSet=TagSet{[Tag{name='availabilityZone', value='aps1-az1'}, Tag{name='diskState', value='READY'}, Tag{name='nodeType', value='ELECTABLE'}, Tag{name='provider', value='AWS'}, Tag{name='region', value='AP_SOUTH_1'}, Tag{name='workloadType', value='OPERATIONAL'}]}, electionId=null, setVersion=25, topologyVersion=TopologyVersion{processId=6660c7b3292721cd425b979a, counter=4}, lastWriteDate=Thu Jun 06 11:57:47 IST 2024, lastUpdateTimeNanos=133914186016100}
2024-06-06T11:57:49.021+05:30  INFO 5144 --- [vanlife-server] [ngodb.net:27017] org.mongodb.driver.cluster               : Monitor thread successfully connected to server with description ServerDescription{address=ac-lwk3abc-shard-00-01.5v8kecp.mongodb.net:27017, type=REPLICA_SET_PRIMARY, state=CONNECTED, ok=true, minWireVersion=0, maxWireVersion=21, maxDocumentSize=16777216, logicalSessionTimeoutMinutes=30, roundTripTimeNanos=548380400, setName='atlas-11ef0f-shard-0', canonicalAddress=ac-lwk3abc-shard-00-01.5v8kecp.mongodb.net:27017, hosts=[ac-lwk3abc-shard-00-00.5v8kecp.mongodb.net:27017, ac-lwk3abc-shard-00-02.5v8kecp.mongodb.net:27017, ac-lwk3abc-shard-00-01.5v8kecp.mongodb.net:27017], passives=[], arbiters=[], primary='ac-lwk3abc-shard-00-01.5v8kecp.mongodb.net:27017', tagSet=TagSet{[Tag{name='availabilityZone', value='aps1-az3'}, Tag{name='diskState', value='READY'}, Tag{name='nodeType', value='ELECTABLE'}, Tag{name='provider', value='AWS'}, Tag{name='region', value='AP_SOUTH_1'}, Tag{name='workloadType', value='OPERATIONAL'}]}, electionId=7fffffff0000000000000023, setVersion=25, topologyVersion=TopologyVersion{processId=6660c9109981b79dc0017c88, counter=6}, lastWriteDate=Thu Jun 06 11:57:47 IST 2024, lastUpdateTimeNanos=133914186164600}
2024-06-06T11:57:49.026+05:30  INFO 5144 --- [vanlife-server] [ngodb.net:27017] org.mongodb.driver.cluster               : Discovered replica set primary ac-lwk3abc-shard-00-01.5v8kecp.mongodb.net:27017 with max election id 7fffffff0000000000000023 and max set version 25
]]></system-out>
    <system-err><![CDATA[WARNING: A Java agent has been loaded dynamically (C:\Users\91789\.m2\repository\net\bytebuddy\byte-buddy-agent\1.14.16\byte-buddy-agent-1.14.16.jar)
WARNING: If a serviceability tool is in use, please run with -XX:+EnableDynamicAgentLoading to hide this warning
WARNING: If a serviceability tool is not in use, please run with -Djdk.instrument.traceUsage for more information
WARNING: Dynamic loading of agents will be disallowed by default in a future release
]]></system-err>
  </testcase>
</testsuite>